..\lib\Render.pdb
D:\Works\VideoSource\Render\Debug\AudioRender.obj
D:\Works\VideoSource\Render\Debug\cl.command.1.tlog
D:\Works\VideoSource\Render\Debug\CL.read.1.tlog
D:\Works\VideoSource\Render\Debug\CL.write.1.tlog
D:\Works\VideoSource\Render\Debug\dllmain.obj
D:\Works\VideoSource\Render\Debug\link.command.1.tlog
D:\Works\VideoSource\Render\Debug\link.read.1.tlog
D:\Works\VideoSource\Render\Debug\link.write.1.tlog
D:\Works\VideoSource\Render\Debug\link-cvtres.read.1.tlog
D:\Works\VideoSource\Render\Debug\link-cvtres.write.1.tlog
D:\Works\VideoSource\Render\Debug\mt.command.1.tlog
D:\Works\VideoSource\Render\Debug\mt.read.1.tlog
D:\Works\VideoSource\Render\Debug\mt.write.1.tlog
D:\Works\VideoSource\Render\Debug\rc.command.1.tlog
D:\Works\VideoSource\Render\Debug\rc.read.1.tlog
D:\Works\VideoSource\Render\Debug\rc.write.1.tlog
D:\Works\VideoSource\Render\Debug\Render.dll.embed.manifest
D:\Works\VideoSource\Render\Debug\Render.dll.embed.manifest.res
D:\Works\VideoSource\Render\Debug\Render.dll.intermediate.manifest
D:\Works\VideoSource\Render\Debug\Render.obj
D:\Works\VideoSource\Render\Debug\Render.pch
D:\Works\VideoSource\Render\Debug\Render.write.1.tlog
D:\Works\VideoSource\Render\Debug\Render_manifest.rc
D:\Works\VideoSource\Render\Debug\stdafx.obj
D:\Works\VideoSource\Render\Debug\vc100.idb
D:\Works\VideoSource\Render\Debug\vc100.pdb
D:\Works\VideoSource\Render\Debug\VideoRender.obj
D:\WORKS\VISUAL STUDIO PROJECTS\VIDEOSOURCE\DEBUG\RENDER.DLL
D:\WORKS\VISUAL STUDIO PROJECTS\VIDEOSOURCE\DEBUG\RENDER.ILK
D:\Works\Visual Studio Projects\VideoSource\lib\Render.exp
D:\Works\Visual Studio Projects\VideoSource\lib\Render.lib
D:\WORKS\VISUAL STUDIO PROJECTS\VIDEOSOURCE\LIB\RENDER.PDB
D:\WORKS\VISUAL STUDIO PROJECTS\VIDEOSOURCE\RENDER\DEBUG\AUDIORENDER.OBJ
D:\WORKS\VISUAL STUDIO PROJECTS\VIDEOSOURCE\RENDER\DEBUG\DLLMAIN.OBJ
D:\WORKS\VISUAL STUDIO PROJECTS\VIDEOSOURCE\RENDER\DEBUG\RENDER.DLL.EMBED.MANIFEST
D:\WORKS\VISUAL STUDIO PROJECTS\VIDEOSOURCE\RENDER\DEBUG\RENDER.DLL.EMBED.MANIFEST.RES
D:\WORKS\VISUAL STUDIO PROJECTS\VIDEOSOURCE\RENDER\DEBUG\RENDER.DLL.INTERMEDIATE.MANIFEST
D:\WORKS\VISUAL STUDIO PROJECTS\VIDEOSOURCE\RENDER\DEBUG\RENDER.OBJ
D:\WORKS\VISUAL STUDIO PROJECTS\VIDEOSOURCE\RENDER\DEBUG\RENDER.PCH
D:\WORKS\VISUAL STUDIO PROJECTS\VIDEOSOURCE\RENDER\DEBUG\STDAFX.OBJ
D:\WORKS\VISUAL STUDIO PROJECTS\VIDEOSOURCE\RENDER\DEBUG\VC100.PDB
D:\WORKS\VISUAL STUDIO PROJECTS\VIDEOSOURCE\RENDER\DEBUG\VIDEORENDER.OBJ
